I, [2020-02-16T19:45:35.869084 #18383]  INFO -- : Refreshing Gem list
I, [2020-02-16T19:45:39.215226 #18383]  INFO -- : listening on addr=/Users/noriyukim/Desktop/local_only/juugokaime/tmp/sockets/unicorn.sock fd=14
I, [2020-02-16T19:45:39.215804 #18383]  INFO -- : listening on addr=0.0.0.0:8080 fd=15
I, [2020-02-16T19:45:39.468991 #18383]  INFO -- : master process ready
I, [2020-02-16T19:45:39.471905 #18387]  INFO -- : worker=0 ready
I, [2020-02-16T19:45:39.473773 #18388]  INFO -- : worker=1 ready
D, [2020-02-16T20:19:36.455963 #18383] DEBUG -- : waiting 16.0s after suspend/hibernation
I, [2020-02-16T20:33:56.449771 #18739]  INFO -- : Refreshing Gem list
I, [2020-02-16T20:33:59.887989 #18739]  INFO -- : unlinking existing socket=/Users/noriyukim/Desktop/local_only/juugokaime/tmp/sockets/unicorn.sock
I, [2020-02-16T20:33:59.889773 #18739]  INFO -- : listening on addr=/Users/noriyukim/Desktop/local_only/juugokaime/tmp/sockets/unicorn.sock fd=15
I, [2020-02-16T20:33:59.890717 #18739]  INFO -- : listening on addr=0.0.0.0:8080 fd=14
I, [2020-02-16T20:34:00.212320 #18739]  INFO -- : master process ready
I, [2020-02-16T20:34:00.215503 #18741]  INFO -- : worker=0 ready
I, [2020-02-16T20:34:00.219269 #18742]  INFO -- : worker=1 ready
D, [2020-02-16T21:59:37.459081 #18739] DEBUG -- : waiting 16.0s after suspend/hibernation
D, [2020-02-17T07:29:53.219148 #18739] DEBUG -- : waiting 16.0s after suspend/hibernation
D, [2020-02-17T08:31:59.119486 #18739] DEBUG -- : waiting 16.0s after suspend/hibernation
D, [2020-02-17T09:08:36.675971 #18739] DEBUG -- : waiting 16.0s after suspend/hibernation
D, [2020-02-17T09:15:27.512634 #18739] DEBUG -- : waiting 16.0s after suspend/hibernation
D, [2020-02-17T09:29:58.618030 #18739] DEBUG -- : waiting 16.0s after suspend/hibernation
D, [2020-02-17T09:39:30.112954 #18739] DEBUG -- : waiting 16.0s after suspend/hibernation
D, [2020-02-17T19:06:51.163089 #18739] DEBUG -- : waiting 16.0s after suspend/hibernation
D, [2020-02-17T19:38:32.780249 #18739] DEBUG -- : waiting 16.0s after suspend/hibernation
D, [2020-02-17T20:59:05.374435 #18739] DEBUG -- : waiting 16.0s after suspend/hibernation
D, [2020-02-17T21:05:36.667325 #18739] DEBUG -- : waiting 16.0s after suspend/hibernation
D, [2020-02-17T21:41:18.072899 #18739] DEBUG -- : waiting 16.0s after suspend/hibernation
D, [2020-02-17T21:46:59.513688 #18739] DEBUG -- : waiting 16.0s after suspend/hibernation
D, [2020-02-17T22:09:28.847628 #18739] DEBUG -- : waiting 16.0s after suspend/hibernation
D, [2020-02-18T01:47:38.192802 #18739] DEBUG -- : waiting 16.0s after suspend/hibernation
D, [2020-02-18T02:26:45.117884 #18739] DEBUG -- : waiting 16.0s after suspend/hibernation
D, [2020-02-18T04:27:42.520019 #18739] DEBUG -- : waiting 16.0s after suspend/hibernation
D, [2020-02-18T06:28:37.452981 #18739] DEBUG -- : waiting 16.0s after suspend/hibernation
D, [2020-02-18T07:35:31.947446 #18739] DEBUG -- : waiting 16.0s after suspend/hibernation
D, [2020-02-18T08:19:09.368649 #18739] DEBUG -- : waiting 16.0s after suspend/hibernation
D, [2020-02-18T08:35:10.272349 #18739] DEBUG -- : waiting 16.0s after suspend/hibernation
D, [2020-02-18T09:01:01.170288 #18739] DEBUG -- : waiting 16.0s after suspend/hibernation
D, [2020-02-18T11:46:32.021744 #18739] DEBUG -- : waiting 16.0s after suspend/hibernation
D, [2020-02-18T12:18:55.460775 #18739] DEBUG -- : waiting 16.0s after suspend/hibernation
D, [2020-02-18T13:22:05.665984 #18739] DEBUG -- : waiting 16.0s after suspend/hibernation
D, [2020-02-18T17:25:55.369809 #18739] DEBUG -- : waiting 16.0s after suspend/hibernation
D, [2020-02-18T18:53:36.573501 #18739] DEBUG -- : waiting 16.0s after suspend/hibernation
D, [2020-02-18T19:28:38.381111 #18739] DEBUG -- : waiting 16.0s after suspend/hibernation
D, [2020-02-18T20:26:44.452285 #18739] DEBUG -- : waiting 16.0s after suspend/hibernation
D, [2020-02-18T20:30:02.192321 #18739] DEBUG -- : waiting 16.0s after suspend/hibernation
D, [2020-02-19T02:54:24.262407 #18739] DEBUG -- : waiting 16.0s after suspend/hibernation
D, [2020-02-19T04:55:06.159706 #18739] DEBUG -- : waiting 16.0s after suspend/hibernation
D, [2020-02-19T06:56:32.284587 #18739] DEBUG -- : waiting 16.0s after suspend/hibernation
D, [2020-02-19T07:30:05.563438 #18739] DEBUG -- : waiting 16.0s after suspend/hibernation
D, [2020-02-19T08:33:53.620517 #18739] DEBUG -- : waiting 16.0s after suspend/hibernation
D, [2020-02-19T10:25:21.494099 #18739] DEBUG -- : waiting 16.0s after suspend/hibernation
D, [2020-02-19T11:06:12.632980 #18739] DEBUG -- : waiting 16.0s after suspend/hibernation
D, [2020-02-19T11:16:31.530832 #18739] DEBUG -- : waiting 16.0s after suspend/hibernation
D, [2020-02-19T16:57:39.991556 #18739] DEBUG -- : waiting 16.0s after suspend/hibernation
D, [2020-02-19T18:12:16.812420 #18739] DEBUG -- : waiting 16.0s after suspend/hibernation
D, [2020-02-19T18:32:05.272902 #18739] DEBUG -- : waiting 16.0s after suspend/hibernation
